Base path: C:/Program Files/Unity/Editor/Data
Pipe name: \\.\pipe\UnityShaderCompiler-64bit-2-1464
Cmd: getPlatforms
Cmd: compileSnippet
  api=5 type=0 insize=541 outsize=761 kw=SHADOWS_CUBE ok=1
Cmd: compileSnippet
  api=9 type=1 insize=541 outsize=7 kw=SHADOWS_CUBE ok=1
Cmd: compileSnippet
  api=9 type=0 insize=6810 outsize=3317 kw=DIRECTIONAL SHADOWS_OFF LIGHTMAP_OFF DIRLIGHTMAP_OFF DYNAMICLIGHTMAP_OFF ok=1
Cmd: compileSnippet
  api=5 type=0 insize=6810 outsize=5652 kw=DIRECTIONAL SHADOWS_SCREEN LIGHTMAP_OFF DIRLIGHTMAP_OFF DYNAMICLIGHTMAP_OFF VERTEXLIGHT_ON ok=1
Cmd: compileSnippet
  api=5 type=0 insize=6810 outsize=5676 kw=DIRECTIONAL SHADOWS_SCREEN SHADOWS_NATIVE LIGHTMAP_OFF DIRLIGHTMAP_OFF DYNAMICLIGHTMAP_OFF VERTEXLIGHT_ON ok=1
Cmd: compileSnippet
  api=5 type=1 insize=6810 outsize=6 kw=DIRECTIONAL SHADOWS_SCREEN SHADOWS_NATIVE LIGHTMAP_OFF DIRLIGHTMAP_OFF DYNAMICLIGHTMAP_OFF ok=1
Cmd: compileSnippet
  api=5 type=0 insize=3647 outsize=2362 kw=DIRECTIONAL ok=1
Cmd: compileSnippet
  api=9 type=0 insize=3647 outsize=3258 kw=SPOT ok=1
Cmd: compileSnippet
  api=9 type=1 insize=3647 outsize=7 kw=POINT ok=1
Cmd: compileSnippet
  api=5 type=1 insize=3647 outsize=6 kw=POINT_COOKIE ok=1
Cmd: compileSnippet
  api=9 type=1 insize=3647 outsize=7 kw=DIRECTIONAL_COOKIE ok=1
Cmd: compileSnippet
  api=9 type=0 insize=5974 outsize=3475 kw=LIGHTMAP_OFF DIRLIGHTMAP_OFF DYNAMICLIGHTMAP_OFF HDR_LIGHT_PREPASS_OFF ok=1
Cmd: compileSnippet
  api=9 type=1 insize=5974 outsize=7 kw=LIGHTMAP_OFF DIRLIGHTMAP_OFF DYNAMICLIGHTMAP_OFF HDR_LIGHT_PREPASS_OFF ok=1
Cmd: compileSnippet
  api=9 type=0 insize=5928 outsize=3495 kw=LIGHTMAP_OFF DIRLIGHTMAP_OFF DYNAMICLIGHTMAP_OFF HDR_LIGHT_PREPASS_OFF ok=1
Cmd: compileSnippet
  api=5 type=1 insize=5928 outsize=6 kw=LIGHTMAP_OFF DIRLIGHTMAP_OFF DYNAMICLIGHTMAP_OFF UNITY_HDR_ON ok=1
Cmd: compileSnippet
  api=5 type=0 insize=1275 outsize=3420 kw=DIRECTIONAL SHADOWS_OFF ok=1
Cmd: compileSnippet
  api=9 type=0 insize=1275 outsize=4215 kw=SPOT SHADOWS_OFF ok=1
Cmd: compileSnippet
  api=9 type=0 insize=1275 outsize=3801 kw=DIRECTIONAL_COOKIE SHADOWS_OFF ok=1
Cmd: compileSnippet
  api=5 type=0 insize=1275 outsize=3902 kw=DIRECTIONAL SHADOWS_SCREEN ok=1
Cmd: compileSnippet
  api=9 type=0 insize=1275 outsize=4393 kw=POINT SHADOWS_CUBE ok=1
Cmd: compileSnippet
  api=5 type=0 insize=1275 outsize=5973 kw=SPOT SHADOWS_DEPTH SHADOWS_SOFT SHADOWS_NATIVE ok=1
Cmd: compileSnippet
  api=5 type=0 insize=1275 outsize=6142 kw=POINT_COOKIE SHADOWS_CUBE SHADOWS_SOFT ok=1
Cmd: compileSnippet
  api=5 type=0 insize=1275 outsize=4191 kw=DIRECTIONAL_COOKIE SHADOWS_SCREEN SHADOWS_NATIVE ok=1
Cmd: compileSnippet
  api=9 type=1 insize=1275 outsize=7 kw=POINT SHADOWS_OFF ok=1
Cmd: compileSnippet
  api=5 type=1 insize=1275 outsize=6 kw=POINT_COOKIE SHADOWS_OFF ok=1
Cmd: compileSnippet
  api=5 type=1 insize=1275 outsize=6 kw=SPOT SHADOWS_DEPTH SHADOWS_NATIVE ok=1
Cmd: compileSnippet
  api=5 type=1 insize=1275 outsize=6 kw=POINT SHADOWS_CUBE ok=1
Cmd: compileSnippet
  api=5 type=1 insize=1275 outsize=6 kw=POINT_COOKIE SHADOWS_CUBE ok=1
Cmd: compileSnippet
  api=9 type=1 insize=1275 outsize=7 kw=SPOT SHADOWS_DEPTH SHADOWS_SOFT SHADOWS_NATIVE ok=1
Cmd: compileSnippet
  api=9 type=1 insize=1275 outsize=7 kw=POINT_COOKIE SHADOWS_CUBE SHADOWS_SOFT ok=1
Cmd: compileSnippet
  api=9 type=1 insize=1275 outsize=7 kw=DIRECTIONAL_COOKIE SHADOWS_SCREEN SHADOWS_NATIVE ok=1
Cmd: compileSnippet
  api=9 type=0 insize=1268 outsize=3398 kw=DIRECTIONAL SHADOWS_OFF ok=1
Cmd: compileSnippet
  api=9 type=0 insize=1268 outsize=4155 kw=SPOT SHADOWS_OFF ok=1
Cmd: compileSnippet
  api=5 type=0 insize=1268 outsize=5069 kw=SPOT SHADOWS_DEPTH SHADOWS_NATIVE ok=1
Cmd: compileSnippet
  api=5 type=0 insize=1268 outsize=4406 kw=POINT SHADOWS_CUBE ok=1
Cmd: compileSnippet
  api=5 type=0 insize=1268 outsize=6421 kw=SPOT SHADOWS_DEPTH SHADOWS_SOFT SHADOWS_NONATIVE ok=1
Cmd: compileSnippet
  api=9 type=0 insize=1268 outsize=5583 kw=POINT SHADOWS_CUBE SHADOWS_SOFT ok=1
Cmd: compileSnippet
  api=9 type=0 insize=1268 outsize=3878 kw=DIRECTIONAL SHADOWS_SCREEN SHADOWS_NATIVE ok=1
Cmd: compileSnippet
  api=9 type=1 insize=1268 outsize=7 kw=DIRECTIONAL SHADOWS_OFF ok=1
Cmd: compileSnippet
  api=9 type=1 insize=1268 outsize=7 kw=POINT_COOKIE SHADOWS_OFF ok=1
Cmd: compileSnippet
  api=5 type=1 insize=1268 outsize=6 kw=SPOT SHADOWS_DEPTH SHADOWS_NATIVE ok=1
Cmd: compileSnippet
  api=5 type=1 insize=1268 outsize=6 kw=DIRECTIONAL_COOKIE SHADOWS_SCREEN ok=1
Cmd: compileSnippet
  api=9 type=1 insize=1268 outsize=7 kw=POINT_COOKIE SHADOWS_CUBE ok=1
Cmd: compileSnippet
  api=5 type=1 insize=1268 outsize=6 kw=POINT SHADOWS_CUBE SHADOWS_SOFT ok=1
Cmd: compileSnippet
  api=5 type=1 insize=1268 outsize=6 kw=DIRECTIONAL SHADOWS_SCREEN SHADOWS_NATIVE ok=1
Cmd: compileSnippet
  api=9 type=1 insize=1268 outsize=7 kw=DIRECTIONAL_COOKIE SHADOWS_SCREEN SHADOWS_NATIVE ok=1
Cmd: compileSnippet
  api=5 type=0 insize=1273 outsize=3365 kw=DIRECTIONAL SHADOWS_OFF ok=1
Cmd: compileSnippet
  api=5 type=0 insize=1273 outsize=4126 kw=SPOT SHADOWS_OFF ok=1
Cmd: compileSnippet
  api=5 type=0 insize=1273 outsize=3710 kw=DIRECTIONAL_COOKIE SHADOWS_OFF ok=1
Cmd: compileSnippet
  api=9 type=0 insize=1273 outsize=4969 kw=SPOT SHADOWS_DEPTH SHADOWS_NATIVE ok=1
Cmd: compileSnippet
  api=5 type=0 insize=1273 outsize=4710 kw=POINT_COOKIE SHADOWS_CUBE ok=1
Cmd: compileSnippet
  api=9 type=0 insize=1273 outsize=5862 kw=SPOT SHADOWS_DEPTH SHADOWS_SOFT SHADOWS_NATIVE ok=1
Cmd: compileSnippet
  api=9 type=0 insize=1273 outsize=5883 kw=POINT_COOKIE SHADOWS_CUBE SHADOWS_SOFT ok=1
Cmd: compileSnippet
  api=5 type=0 insize=1273 outsize=4136 kw=DIRECTIONAL_COOKIE SHADOWS_SCREEN SHADOWS_NATIVE ok=1
Cmd: compileSnippet
  api=5 type=1 insize=1273 outsize=6 kw=DIRECTIONAL SHADOWS_OFF ok=1
Cmd: compileSnippet
  api=9 type=1 insize=1273 outsize=7 kw=POINT_COOKIE SHADOWS_OFF ok=1
Cmd: compileSnippet
  api=5 type=1 insize=1273 outsize=6 kw=SPOT SHADOWS_DEPTH SHADOWS_NATIVE ok=1
Cmd: compileSnippet
  api=5 type=1 insize=1273 outsize=6 kw=POINT SHADOWS_CUBE ok=1
Cmd: compileSnippet
  api=9 type=1 insize=1273 outsize=7 kw=POINT_COOKIE SHADOWS_CUBE ok=1
Cmd: compileSnippet
  api=5 type=1 insize=1273 outsize=6 kw=POINT SHADOWS_CUBE SHADOWS_SOFT ok=1
Cmd: compileSnippet
  api=9 type=1 insize=1273 outsize=7 kw=DIRECTIONAL SHADOWS_SCREEN SHADOWS_NATIVE ok=1
Cmd: compileSnippet
  api=9 type=0 insize=1934 outsize=3928 kw=POINT SHADOWS_OFF ok=1
Cmd: compileSnippet
  api=5 type=0 insize=1934 outsize=4268 kw=POINT_COOKIE SHADOWS_OFF ok=1
Cmd: compileSnippet
  api=5 type=0 insize=1934 outsize=5365 kw=SPOT SHADOWS_DEPTH SHADOWS_NONATIVE ok=1
Cmd: compileSnippet
  api=5 type=0 insize=1934 outsize=4444 kw=DIRECTIONAL_COOKIE SHADOWS_SCREEN ok=1
Cmd: compileSnippet
  api=9 type=0 insize=1934 outsize=4763 kw=POINT_COOKIE SHADOWS_CUBE ok=1
Cmd: compileSnippet
  api=5 type=0 insize=1934 outsize=5922 kw=POINT SHADOWS_CUBE SHADOWS_SOFT ok=1
Cmd: compileSnippet
  api=5 type=0 insize=1934 outsize=4205 kw=DIRECTIONAL SHADOWS_SCREEN SHADOWS_NATIVE ok=1
Cmd: compileSnippet
  api=5 type=0 insize=1934 outsize=4444 kw=DIRECTIONAL_COOKIE SHADOWS_SCREEN SHADOWS_NATIVE ok=1
Cmd: compileSnippet
  api=5 type=0 insize=1934 outsize=3399 kw=DIRECTIONAL SHADOWS_OFF UNITY_HDR_ON ok=1
Cmd: compileSnippet
  api=5 type=0 insize=1934 outsize=4159 kw=POINT_COOKIE SHADOWS_OFF UNITY_HDR_ON ok=1
Cmd: compileSnippet
  api=5 type=0 insize=1934 outsize=5255 kw=SPOT SHADOWS_DEPTH UNITY_HDR_ON SHADOWS_NONATIVE ok=1
Cmd: compileSnippet
  api=5 type=0 insize=1934 outsize=4334 kw=DIRECTIONAL_COOKIE SHADOWS_SCREEN UNITY_HDR_ON ok=1
Cmd: compileSnippet
  api=9 type=0 insize=1934 outsize=4654 kw=POINT_COOKIE SHADOWS_CUBE UNITY_HDR_ON ok=1
Cmd: compileSnippet
  api=5 type=0 insize=1934 outsize=5813 kw=POINT SHADOWS_CUBE SHADOWS_SOFT UNITY_HDR_ON ok=1
Cmd: compileSnippet
  api=5 type=0 insize=1934 outsize=4096 kw=DIRECTIONAL SHADOWS_SCREEN SHADOWS_NATIVE UNITY_HDR_ON ok=1
Cmd: compileSnippet
  api=9 type=1 insize=1934 outsize=7 kw=POINT SHADOWS_OFF ok=1
Cmd: compileSnippet
  api=9 type=1 insize=1934 outsize=7 kw=SPOT SHADOWS_OFF ok=1
Cmd: compileSnippet
  api=9 type=1 insize=1934 outsize=7 kw=DIRECTIONAL_COOKIE SHADOWS_OFF ok=1
Cmd: compileSnippet
  api=5 type=1 insize=1934 outsize=6 kw=DIRECTIONAL SHADOWS_SCREEN ok=1
Cmd: compileSnippet
  api=5 type=1 insize=1934 outsize=6 kw=POINT_COOKIE SHADOWS_CUBE ok=1
Cmd: compileSnippet
  api=9 type=1 insize=1934 outsize=7 kw=SPOT SHADOWS_DEPTH SHADOWS_SOFT SHADOWS_NATIVE ok=1
Cmd: compileSnippet
  api=5 type=1 insize=1934 outsize=6 kw=DIRECTIONAL SHADOWS_SCREEN SHADOWS_NATIVE ok=1
Cmd: compileSnippet
  api=9 type=1 insize=1934 outsize=7 kw=DIRECTIONAL_COOKIE SHADOWS_SCREEN SHADOWS_NATIVE ok=1
Cmd: compileSnippet
  api=5 type=1 insize=1934 outsize=6 kw=DIRECTIONAL SHADOWS_OFF UNITY_HDR_ON ok=1
Cmd: compileSnippet
  api=5 type=1 insize=1934 outsize=6 kw=POINT_COOKIE SHADOWS_OFF UNITY_HDR_ON ok=1
Cmd: compileSnippet
  api=5 type=1 insize=1934 outsize=6 kw=SPOT SHADOWS_DEPTH UNITY_HDR_ON SHADOWS_NONATIVE ok=1
Cmd: compileSnippet
  api=5 type=1 insize=1934 outsize=6 kw=POINT SHADOWS_CUBE UNITY_HDR_ON ok=1
Cmd: compileSnippet
  api=5 type=1 insize=1934 outsize=6 kw=SPOT SHADOWS_DEPTH SHADOWS_SOFT UNITY_HDR_ON SHADOWS_NONATIVE ok=1
Cmd: compileSnippet
  api=9 type=1 insize=1934 outsize=7 kw=POINT SHADOWS_CUBE SHADOWS_SOFT UNITY_HDR_ON ok=1
Cmd: compileSnippet
  api=5 type=1 insize=1934 outsize=6 kw=DIRECTIONAL SHADOWS_SCREEN SHADOWS_NATIVE UNITY_HDR_ON ok=1
Cmd: compileSnippet
  api=9 type=0 insize=683 outsize=554 kw= ok=1
Cmd: compileSnippet
  api=9 type=0 insize=1051 outsize=1050 kw= ok=1
Cmd: compileSnippet
  api=9 type=0 insize=1089 outsize=862 kw= ok=1
Cmd: compileSnippet
  api=9 type=0 insize=6481 outsize=20531 kw= ok=1
Cmd: compileSnippet
  api=9 type=0 insize=723 outsize=630 kw= ok=1
Cmd: compileSnippet
  api=9 type=0 insize=1079 outsize=1213 kw= ok=1
Cmd: compileSnippet
  api=1 type=0 insize=541 outsize=832 kw=SHADOWS_DEPTH ok=1
Cmd: compileSnippet
  api=0 type=0 insize=541 outsize=474 kw=SHADOWS_CUBE ok=1
Cmd: compileSnippet
  api=8 type=1 insize=541 outsize=658 kw=SHADOWS_DEPTH ok=1
Cmd: compileSnippet
  api=8 type=1 insize=541 outsize=992 kw=SHADOWS_CUBE ok=1
Cmd: compileSnippet
  api=8 type=0 insize=6810 outsize=5217 kw=DIRECTIONAL SHADOWS_OFF LIGHTMAP_OFF DIRLIGHTMAP_OFF DYNAMICLIGHTMAP_OFF ok=1
Cmd: compileSnippet
  api=4 type=0 insize=6810 outsize=4037 kw=DIRECTIONAL SHADOWS_SCREEN LIGHTMAP_OFF DIRLIGHTMAP_OFF DYNAMICLIGHTMAP_OFF ok=1
Cmd: compileSnippet
  api=1 type=0 insize=6810 outsize=1087 kw=DIRECTIONAL SHADOWS_OFF LIGHTMAP_OFF DIRLIGHTMAP_OFF DYNAMICLIGHTMAP_OFF VERTEXLIGHT_ON ok=1
Cmd: compileSnippet
  api=4 type=0 insize=6810 outsize=5101 kw=DIRECTIONAL SHADOWS_OFF LIGHTMAP_OFF DIRLIGHTMAP_OFF DYNAMICLIGHTMAP_OFF VERTEXLIGHT_ON ok=1
Cmd: compileSnippet
  api=8 type=0 insize=6810 outsize=7589 kw=DIRECTIONAL SHADOWS_OFF LIGHTMAP_OFF DIRLIGHTMAP_OFF DYNAMICLIGHTMAP_OFF VERTEXLIGHT_ON ok=1
Cmd: compileSnippet
  api=4 type=0 insize=6810 outsize=5491 kw=DIRECTIONAL SHADOWS_SCREEN LIGHTMAP_OFF DIRLIGHTMAP_OFF DYNAMICLIGHTMAP_OFF VERTEXLIGHT_ON ok=1
Cmd: compileSnippet
  api=1 type=1 insize=6810 outsize=263 kw=DIRECTIONAL SHADOWS_OFF LIGHTMAP_OFF DIRLIGHTMAP_OFF DYNAMICLIGHTMAP_OFF ok=1
Cmd: compileSnippet
  api=4 type=1 insize=6810 outsize=1615 kw=DIRECTIONAL SHADOWS_SCREEN LIGHTMAP_OFF DIRLIGHTMAP_OFF DYNAMICLIGHTMAP_OFF ok=1
Cmd: compileSnippet
  api=4 type=0 insize=3647 outsize=2737 kw=POINT ok=1
Cmd: compileSnippet
  api=1 type=0 insize=3647 outsize=339 kw=DIRECTIONAL ok=1
Cmd: compileSnippet
  api=8 type=0 insize=3647 outsize=3876 kw=DIRECTIONAL ok=1
Cmd: compileSnippet
  api=1 type=0 insize=3647 outsize=339 kw=SPOT ok=1
Cmd: compileSnippet
  api=4 type=0 insize=3647 outsize=2737 kw=SPOT ok=1
Cmd: compileSnippet
  api=8 type=0 insize=3647 outsize=3876 kw=SPOT ok=1
Cmd: compileSnippet
  api=1 type=0 insize=3647 outsize=339 kw=POINT_COOKIE ok=1
Cmd: compileSnippet
  api=8 type=0 insize=3647 outsize=3876 kw=POINT_COOKIE ok=1
Cmd: compileSnippet
  api=1 type=0 insize=3647 outsize=339 kw=DIRECTIONAL_COOKIE ok=1
Cmd: compileSnippet
  api=8 type=0 insize=3647 outsize=3876 kw=DIRECTIONAL_COOKIE ok=1
Cmd: compileSnippet
  api=8 type=1 insize=3647 outsize=2860 kw=POINT ok=1
Cmd: compileSnippet
  api=4 type=1 insize=3647 outsize=2428 kw=SPOT ok=1
Cmd: compileSnippet
  api=8 type=1 insize=3647 outsize=3169 kw=POINT_COOKIE ok=1
Cmd: compileSnippet
  api=1 type=0 insize=2805 outsize=293 kw= ok=1
Cmd: compileSnippet
  api=4 type=1 insize=2805 outsize=681 kw= ok=1
Cmd: compileSnippet
  api=4 type=0 insize=5974 outsize=4061 kw=LIGHTMAP_OFF DIRLIGHTMAP_OFF DYNAMICLIGHTMAP_OFF HDR_LIGHT_PREPASS_OFF ok=1
Cmd: compileSnippet
  api=1 type=0 insize=5974 outsize=707 kw=LIGHTMAP_OFF DIRLIGHTMAP_OFF DYNAMICLIGHTMAP_OFF UNITY_HDR_ON ok=1
Cmd: compileSnippet
  api=8 type=0 insize=5974 outsize=5810 kw=LIGHTMAP_OFF DIRLIGHTMAP_OFF DYNAMICLIGHTMAP_OFF UNITY_HDR_ON ok=1
Cmd: compileSnippet
  api=8 type=1 insize=5974 outsize=2023 kw=LIGHTMAP_OFF DIRLIGHTMAP_OFF DYNAMICLIGHTMAP_OFF HDR_LIGHT_PREPASS_OFF ok=1
Cmd: compileSnippet
  api=8 type=0 insize=5928 outsize=5379 kw=LIGHTMAP_OFF DIRLIGHTMAP_OFF DYNAMICLIGHTMAP_OFF HDR_LIGHT_PREPASS_OFF ok=1
Cmd: compileSnippet
  api=4 type=0 insize=5928 outsize=3785 kw=LIGHTMAP_OFF DIRLIGHTMAP_OFF DYNAMICLIGHTMAP_OFF UNITY_HDR_ON ok=1
Cmd: compileSnippet
  api=1 type=1 insize=5928 outsize=355 kw=LIGHTMAP_OFF DIRLIGHTMAP_OFF DYNAMICLIGHTMAP_OFF HDR_LIGHT_PREPASS_OFF ok=1
Cmd: compileSnippet
  api=4 type=1 insize=5928 outsize=1583 kw=LIGHTMAP_OFF DIRLIGHTMAP_OFF DYNAMICLIGHTMAP_OFF UNITY_HDR_ON ok=1
Cmd: compileSnippet
  api=4 type=0 insize=1275 outsize=1940 kw=POINT SHADOWS_OFF ok=1
Cmd: compileSnippet
  api=4 type=0 insize=1275 outsize=1940 kw=DIRECTIONAL SHADOWS_OFF ok=1
Cmd: compileSnippet
  api=1 type=0 insize=1275 outsize=441 kw=SPOT SHADOWS_OFF ok=1
Cmd: compileSnippet
  api=4 type=0 insize=1275 outsize=1940 kw=SPOT SHADOWS_OFF ok=1
Cmd: compileSnippet
  api=0 type=0 insize=1275 outsize=2950 kw=POINT_COOKIE SHADOWS_OFF ok=1
Cmd: compileSnippet
  api=1 type=0 insize=1275 outsize=441 kw=SPOT SHADOWS_DEPTH SHADOWS_NATIVE ok=1
Cmd: compileSnippet
  api=0 type=0 insize=1275 outsize=2824 kw=DIRECTIONAL SHADOWS_SCREEN ok=1
Cmd: compileSnippet
  api=4 type=0 insize=1275 outsize=1940 kw=POINT SHADOWS_CUBE ok=1
Cmd: compileSnippet
  api=1 type=0 insize=1275 outsize=441 kw=POINT_COOKIE SHADOWS_CUBE ok=1
Cmd: compileSnippet
  api=0 type=0 insize=1275 outsize=4126 kw=SPOT SHADOWS_DEPTH SHADOWS_SOFT SHADOWS_NATIVE ok=1
Cmd: compileSnippet
  api=1 type=1 insize=1275 outsize=1442 kw=POINT SHADOWS_OFF ok=1
Cmd: compileSnippet
  api=0 type=1 insize=1275 outsize=6 kw=SPOT SHADOWS_OFF ok=1
Cmd: compileSnippet
  api=1 type=1 insize=1275 outsize=1599 kw=SPOT SHADOWS_OFF ok=1
Cmd: compileSnippet
  api=1 type=1 insize=1275 outsize=1402 kw=DIRECTIONAL_COOKIE SHADOWS_OFF ok=1
Cmd: compileSnippet
  api=0 type=1 insize=1275 outsize=6 kw=DIRECTIONAL SHADOWS_SCREEN ok=1
Cmd: compileSnippet
  api=1 type=1 insize=1275 outsize=1329 kw=DIRECTIONAL SHADOWS_SCREEN ok=1
Cmd: compileSnippet
  api=4 type=1 insize=1275 outsize=4849 kw=DIRECTIONAL_COOKIE SHADOWS_SCREEN ok=1
Cmd: compileSnippet
  api=0 type=1 insize=1275 outsize=6 kw=SPOT SHADOWS_DEPTH SHADOWS_SOFT SHADOWS_NATIVE ok=1
Cmd: compileSnippet
  api=1 type=1 insize=1275 outsize=2041 kw=SPOT SHADOWS_DEPTH SHADOWS_SOFT SHADOWS_NATIVE ok=1
Cmd: compileSnippet
  api=0 type=1 insize=1275 outsize=6 kw=POINT_COOKIE SHADOWS_CUBE SHADOWS_SOFT ok=1
Cmd: compileSnippet
  api=1 type=1 insize=1275 outsize=2017 kw=POINT_COOKIE SHADOWS_CUBE SHADOWS_SOFT ok=1
Cmd: compileSnippet
  api=4 type=0 insize=1268 outsize=1940 kw=POINT SHADOWS_OFF ok=1
Cmd: compileSnippet
  api=4 type=0 insize=1268 outsize=1940 kw=DIRECTIONAL SHADOWS_OFF ok=1
Cmd: compileSnippet
  api=1 type=0 insize=1268 outsize=441 kw=SPOT SHADOWS_OFF ok=1
Cmd: compileSnippet
  api=4 type=0 insize=1268 outsize=1940 kw=SPOT SHADOWS_OFF ok=1
Cmd: compileSnippet
  api=0 type=0 insize=1268 outsize=2941 kw=POINT_COOKIE SHADOWS_OFF ok=1
Cmd: compileSnippet
  api=1 type=0 insize=1268 outsize=441 kw=DIRECTIONAL_COOKIE SHADOWS_OFF ok=1
Cmd: compileSnippet
  api=1 type=0 insize=1268 outsize=441 kw=SPOT SHADOWS_DEPTH SHADOWS_NATIVE ok=1
Cmd: compileSnippet
  api=0 type=0 insize=1268 outsize=2815 kw=DIRECTIONAL SHADOWS_SCREEN ok=1
Cmd: compileSnippet
  api=4 type=0 insize=1268 outsize=1940 kw=POINT SHADOWS_CUBE ok=1
Cmd: compileSnippet
  api=1 type=0 insize=1268 outsize=441 kw=POINT_COOKIE SHADOWS_CUBE ok=1
Cmd: compileSnippet
  api=4 type=0 insize=1268 outsize=1940 kw=POINT_COOKIE SHADOWS_CUBE ok=1
Cmd: compileSnippet
  api=1 type=0 insize=1268 outsize=441 kw=SPOT SHADOWS_DEPTH SHADOWS_SOFT SHADOWS_NATIVE ok=1
Cmd: compileSnippet
  api=4 type=0 insize=1268 outsize=1940 kw=SPOT SHADOWS_DEPTH SHADOWS_SOFT SHADOWS_NATIVE ok=1
Cmd: compileSnippet
  api=0 type=0 insize=1268 outsize=4203 kw=POINT SHADOWS_CUBE SHADOWS_SOFT ok=1
Cmd: compileSnippet
  api=4 type=1 insize=1268 outsize=4451 kw=POINT SHADOWS_OFF ok=1
Cmd: compileSnippet
  api=4 type=1 insize=1268 outsize=5142 kw=SPOT SHADOWS_OFF ok=1
Cmd: compileSnippet
  api=1 type=1 insize=1268 outsize=1698 kw=SPOT SHADOWS_DEPTH SHADOWS_NATIVE ok=1
Cmd: compileSnippet
  api=0 type=1 insize=1268 outsize=6 kw=DIRECTIONAL_COOKIE SHADOWS_SCREEN ok=1
Cmd: compileSnippet
  api=1 type=1 insize=1268 outsize=1372 kw=DIRECTIONAL_COOKIE SHADOWS_SCREEN ok=1
Cmd: compileSnippet
  api=4 type=1 insize=1268 outsize=4938 kw=POINT SHADOWS_CUBE ok=1
Cmd: compileSnippet
  api=0 type=1 insize=1268 outsize=6 kw=POINT SHADOWS_CUBE SHADOWS_SOFT ok=1
Cmd: compileSnippet
  api=1 type=1 insize=1268 outsize=1815 kw=POINT SHADOWS_CUBE SHADOWS_SOFT ok=1
Cmd: compileSnippet
  api=4 type=1 insize=1268 outsize=6222 kw=POINT_COOKIE SHADOWS_CUBE SHADOWS_SOFT ok=1
Cmd: compileSnippet
  api=4 type=0 insize=1273 outsize=1940 kw=POINT SHADOWS_OFF ok=1
Cmd: compileSnippet
  api=4 type=0 insize=1273 outsize=1940 kw=DIRECTIONAL SHADOWS_OFF ok=1
Cmd: compileSnippet
  api=1 type=0 insize=1273 outsize=441 kw=SPOT SHADOWS_OFF ok=1
Cmd: compileSnippet
  api=4 type=0 insize=1273 outsize=1940 kw=SPOT SHADOWS_OFF ok=1
Cmd: compileSnippet
  api=0 type=0 insize=1273 outsize=2946 kw=POINT_COOKIE SHADOWS_OFF ok=1
Cmd: compileSnippet
  api=4 type=0 insize=1273 outsize=1940 kw=SPOT SHADOWS_DEPTH SHADOWS_NATIVE ok=1
Cmd: compileSnippet
  api=1 type=0 insize=1273 outsize=441 kw=DIRECTIONAL SHADOWS_SCREEN ok=1
Cmd: compileSnippet
  api=4 type=0 insize=1273 outsize=1940 kw=DIRECTIONAL SHADOWS_SCREEN ok=1
Cmd: compileSnippet
  api=0 type=0 insize=1273 outsize=3014 kw=DIRECTIONAL_COOKIE SHADOWS_SCREEN ok=1
Cmd: compileSnippet
  api=1 type=0 insize=1273 outsize=441 kw=SPOT SHADOWS_DEPTH SHADOWS_SOFT SHADOWS_NATIVE ok=1
Cmd: compileSnippet
  api=4 type=0 insize=1273 outsize=1940 kw=SPOT SHADOWS_DEPTH SHADOWS_SOFT SHADOWS_NATIVE ok=1
Cmd: compileSnippet
  api=0 type=0 insize=1273 outsize=4208 kw=POINT SHADOWS_CUBE SHADOWS_SOFT ok=1
Cmd: compileSnippet
  api=0 type=1 insize=1273 outsize=6 kw=DIRECTIONAL SHADOWS_OFF ok=1
Cmd: compileSnippet
  api=4 type=1 insize=1273 outsize=3890 kw=DIRECTIONAL SHADOWS_OFF ok=1
Cmd: compileSnippet
  api=4 type=1 insize=1273 outsize=5142 kw=SPOT SHADOWS_OFF ok=1
Cmd: compileSnippet
  api=4 type=1 insize=1273 outsize=4467 kw=DIRECTIONAL_COOKIE SHADOWS_OFF ok=1
Cmd: compileSnippet
  api=4 type=1 insize=1273 outsize=4191 kw=DIRECTIONAL SHADOWS_SCREEN ok=1
Cmd: compileSnippet
  api=0 type=1 insize=1273 outsize=6 kw=POINT_COOKIE SHADOWS_CUBE ok=1
Cmd: compileSnippet
  api=1 type=1 insize=1273 outsize=1660 kw=POINT_COOKIE SHADOWS_CUBE ok=1
Cmd: compileSnippet
  api=4 type=1 insize=1273 outsize=6604 kw=SPOT SHADOWS_DEPTH SHADOWS_SOFT SHADOWS_NATIVE ok=1
Cmd: compileSnippet
  api=1 type=0 insize=1934 outsize=441 kw=POINT SHADOWS_OFF ok=1
Cmd: compileSnippet
  api=1 type=0 insize=1934 outsize=441 kw=DIRECTIONAL SHADOWS_OFF ok=1
Cmd: compileSnippet
  api=0 type=0 insize=1934 outsize=3948 kw=SPOT SHADOWS_OFF ok=1
Cmd: compileSnippet
  api=4 type=0 insize=1934 outsize=1940 kw=DIRECTIONAL_COOKIE SHADOWS_OFF ok=1
Cmd: compileSnippet
  api=1 type=0 insize=1934 outsize=441 kw=SPOT SHADOWS_DEPTH SHADOWS_NATIVE ok=1
Cmd: compileSnippet
  api=4 type=0 insize=1934 outsize=1940 kw=SPOT SHADOWS_DEPTH SHADOWS_NATIVE ok=1
Cmd: compileSnippet
  api=1 type=0 insize=1934 outsize=441 kw=DIRECTIONAL SHADOWS_SCREEN ok=1
Cmd: compileSnippet
  api=4 type=0 insize=1934 outsize=1940 kw=DIRECTIONAL SHADOWS_SCREEN ok=1
Cmd: compileSnippet
  api=0 type=0 insize=1934 outsize=4112 kw=DIRECTIONAL_COOKIE SHADOWS_SCREEN ok=1
Cmd: compileSnippet
  api=0 type=0 insize=1934 outsize=5266 kw=SPOT SHADOWS_DEPTH SHADOWS_SOFT SHADOWS_NATIVE ok=1
Cmd: compileSnippet
  api=1 type=0 insize=1934 outsize=441 kw=POINT SHADOWS_OFF UNITY_HDR_ON ok=1
Cmd: compileSnippet
  api=4 type=0 insize=1934 outsize=1940 kw=POINT SHADOWS_OFF UNITY_HDR_ON ok=1
Cmd: compileSnippet
  api=0 type=0 insize=1934 outsize=3394 kw=DIRECTIONAL SHADOWS_OFF UNITY_HDR_ON ok=1
Cmd: compileSnippet
  api=0 type=0 insize=1934 outsize=3663 kw=DIRECTIONAL_COOKIE SHADOWS_OFF UNITY_HDR_ON ok=1
Cmd: compileSnippet
  api=1 type=0 insize=1934 outsize=441 kw=DIRECTIONAL_COOKIE SHADOWS_SCREEN UNITY_HDR_ON ok=1
Cmd: compileSnippet
  api=4 type=0 insize=1934 outsize=1940 kw=DIRECTIONAL_COOKIE SHADOWS_SCREEN UNITY_HDR_ON ok=1
Cmd: compileSnippet
  api=0 type=0 insize=1934 outsize=4207 kw=POINT SHADOWS_CUBE UNITY_HDR_ON ok=1
Cmd: compileSnippet
  api=1 type=0 insize=1934 outsize=441 kw=POINT SHADOWS_CUBE SHADOWS_SOFT UNITY_HDR_ON ok=1
Cmd: compileSnippet
  api=4 type=0 insize=1934 outsize=1940 kw=POINT SHADOWS_CUBE SHADOWS_SOFT UNITY_HDR_ON ok=1
Cmd: compileSnippet
  api=0 type=0 insize=1934 outsize=5325 kw=POINT_COOKIE SHADOWS_CUBE SHADOWS_SOFT UNITY_HDR_ON ok=1
Cmd: compileSnippet
  api=0 type=1 insize=1934 outsize=6 kw=DIRECTIONAL SHADOWS_OFF ok=1
Cmd: compileSnippet
  api=4 type=1 insize=1934 outsize=6117 kw=DIRECTIONAL SHADOWS_OFF ok=1
Cmd: compileSnippet
  api=0 type=1 insize=1934 outsize=6 kw=SPOT SHADOWS_OFF ok=1
Cmd: compileSnippet
  api=1 type=1 insize=1934 outsize=2341 kw=POINT_COOKIE SHADOWS_OFF ok=1
Cmd: compileSnippet
  api=1 type=1 insize=1934 outsize=2194 kw=DIRECTIONAL_COOKIE SHADOWS_OFF ok=1
Cmd: compileSnippet
  api=0 type=1 insize=1934 outsize=6 kw=DIRECTIONAL SHADOWS_SCREEN ok=1
Cmd: compileSnippet
  api=4 type=1 insize=1934 outsize=6775 kw=DIRECTIONAL SHADOWS_SCREEN ok=1
Cmd: compileSnippet
  api=4 type=1 insize=1934 outsize=7018 kw=POINT SHADOWS_CUBE ok=1
Cmd: compileSnippet
  api=4 type=1 insize=1934 outsize=9074 kw=SPOT SHADOWS_DEPTH SHADOWS_SOFT SHADOWS_NATIVE ok=1
Cmd: compileSnippet
  api=0 type=1 insize=1934 outsize=6 kw=POINT SHADOWS_OFF UNITY_HDR_ON ok=1
Cmd: compileSnippet
  api=1 type=1 insize=1934 outsize=2132 kw=POINT SHADOWS_OFF UNITY_HDR_ON ok=1
Cmd: compileSnippet
  api=4 type=1 insize=1934 outsize=6068 kw=DIRECTIONAL SHADOWS_OFF UNITY_HDR_ON ok=1
Cmd: compileSnippet
  api=1 type=1 insize=1934 outsize=2280 kw=POINT_COOKIE SHADOWS_OFF UNITY_HDR_ON ok=1
Cmd: compileSnippet
  api=0 type=1 insize=1934 outsize=6 kw=SPOT SHADOWS_DEPTH SHADOWS_NATIVE UNITY_HDR_ON ok=1
Cmd: compileSnippet
  api=1 type=1 insize=1934 outsize=2686 kw=SPOT SHADOWS_DEPTH SHADOWS_NATIVE UNITY_HDR_ON ok=1
Cmd: compileSnippet
  api=0 type=1 insize=1934 outsize=6 kw=DIRECTIONAL_COOKIE SHADOWS_SCREEN UNITY_HDR_ON ok=1
Cmd: compileSnippet
  api=0 type=1 insize=1934 outsize=6 kw=POINT SHADOWS_CUBE UNITY_HDR_ON ok=1
Cmd: compileSnippet
  api=4 type=1 insize=1934 outsize=6970 kw=POINT SHADOWS_CUBE UNITY_HDR_ON ok=1
Cmd: compileSnippet
  api=0 type=1 insize=1934 outsize=6 kw=SPOT SHADOWS_DEPTH SHADOWS_SOFT SHADOWS_NATIVE UNITY_HDR_ON ok=1
Cmd: compileSnippet
  api=4 type=1 insize=1934 outsize=9025 kw=SPOT SHADOWS_DEPTH SHADOWS_SOFT SHADOWS_NATIVE UNITY_HDR_ON ok=1
Cmd: compileSnippet
  api=4 type=1 insize=1934 outsize=8245 kw=POINT_COOKIE SHADOWS_CUBE SHADOWS_SOFT UNITY_HDR_ON ok=1
Cmd: compileSnippet
  api=4 type=1 insize=683 outsize=705 kw= ok=1
Cmd: compileSnippet
  api=4 type=0 insize=1051 outsize=1250 kw= ok=1
Cmd: compileSnippet
  api=4 type=1 insize=1051 outsize=949 kw= ok=1
Cmd: compileSnippet
  api=1 type=0 insize=1089 outsize=253 kw= ok=1
Cmd: compileSnippet
  api=4 type=1 insize=1089 outsize=990 kw= ok=1
Cmd: compileSnippet
  api=4 type=0 insize=6481 outsize=1055 kw= ok=1
Cmd: compileSnippet
  api=4 type=1 insize=723 outsize=657 kw= ok=1
Cmd: compileSnippet
  api=1 type=0 insize=1079 outsize=159 kw= ok=1
Cmd: compileSnippet
  api=4 type=1 insize=1079 outsize=1510 kw= ok=1
Unhandled exception: Readfile from pipe failed. GLE=The pipe has been ended.


Quitting shader compiler process

Crashed!
